TN:
SF:/home/bpowers/src/libsd/sim.c
FN:49,avar
FN:76,avar_walker_new
FN:92,avar_walker_ref
FN:99,avar_walker_unref
FN:110,avar_walker_start
FN:135,avar_walker_start_child
FN:144,avar_walker_end_child
FN:149,avar_init
FN:186,avar_free
FN:201,amodel
FN:235,resolve
FN:247,amodel_free
FN:266,cmp_avar
FN:296,amodel_compile
FN:334,avar_all_deps
FN:351,module_get_referenced_models
FN:399,sd_sim_new
FN:451,sd_sim_reset
FN:486,calc
FN:500,calc_stocks
FN:536,sd_sim_run_to
FN:573,sd_sim_run_to_end
FN:581,sim_curr
FN:587,sim_next
FN:593,sd_sim_ref
FN:601,sd_sim_get_value
FN:622,sd_sim_unref
FN:640,svisit
FN:698,sd_sim_get_stepcount
FN:706,sd_sim_get_varcount
FN:714,sd_sim_get_varnames
FN:735,sd_sim_get_series
FNDA:18,avar
FNDA:18,avar_walker_new
FNDA:51,avar_walker_ref
FNDA:51,avar_walker_unref
FNDA:33,avar_walker_start
FNDA:15,avar_walker_start_child
FNDA:15,avar_walker_end_child
FNDA:18,avar_init
FNDA:18,avar_free
FNDA:2,amodel
FNDA:29,resolve
FNDA:2,amodel_free
FNDA:62,cmp_avar
FNDA:2,amodel_compile
FNDA:32,avar_all_deps
FNDA:2,module_get_referenced_models
FNDA:3,sd_sim_new
FNDA:3,sd_sim_reset
FNDA:1000485,calc
FNDA:1000482,calc_stocks
FNDA:3,sd_sim_run_to
FNDA:3,sd_sim_run_to_end
FNDA:492,sim_curr
FNDA:492,sim_next
FNDA:4,sd_sim_ref
FNDA:7,sd_sim_get_value
FNDA:3,sd_sim_unref
FNDA:3017360,svisit
FNDA:3,sd_sim_get_stepcount
FNDA:2,sd_sim_get_varcount
FNDA:3,sd_sim_get_varnames
FNDA:6,sd_sim_get_series
FNF:32
FNH:32
DA:49,18
DA:51,18
DA:54,18
DA:55,18
DA:56,0
DA:58,18
DA:59,18
DA:61,0
DA:62,18
DA:63,18
DA:64,0
DA:65,18
DA:66,18
DA:68,18
DA:70,0
DA:71,0
DA:72,0
DA:76,18
DA:78,18
DA:80,18
DA:81,0
DA:83,18
DA:84,18
DA:85,18
DA:86,18
DA:88,18
DA:92,51
DA:94,51
DA:95,51
DA:96,51
DA:99,51
DA:101,51
DA:103,51
DA:104,84
DA:106,18
DA:110,33
DA:112,33
DA:115,33
DA:117,14
DA:118,14
DA:119,0
DA:121,33
DA:123,14
DA:124,14
DA:125,14
DA:127,11
DA:128,11
DA:130,8
DA:135,15
DA:137,15
DA:138,15
DA:140,15
DA:144,15
DA:146,15
DA:149,18
DA:156,18
DA:158,18
DA:159,18
DA:160,0
DA:162,21
DA:163,3
DA:164,3
DA:165,3
DA:166,0
DA:167,3
DA:169,21
DA:170,3
DA:171,3
DA:172,3
DA:173,0
DA:174,3
DA:177,18
DA:179,18
DA:181,0
DA:182,0
DA:186,18
DA:188,18
DA:189,18
DA:191,18
DA:192,18
DA:193,18
DA:194,18
DA:195,18
DA:196,18
DA:197,18
DA:201,2
DA:203,2
DA:205,2
DA:206,2
DA:207,0
DA:208,2
DA:210,20
DA:211,18
DA:212,18
DA:213,0
DA:214,18
DA:216,18
DA:217,3
DA:218,3
DA:220,15
DA:221,15
DA:222,7
DA:224,8
DA:228,2
DA:230,0
DA:231,0
DA:235,29
DA:237,164
DA:238,162
DA:239,162
DA:240,27
DA:243,2
DA:247,2
DA:249,2
DA:250,2
DA:252,20
DA:253,18
DA:254,18
DA:256,2
DA:257,2
DA:258,2
DA:259,2
DA:261,2
DA:262,2
DA:266,62
DA:268,62
DA:269,62
DA:270,62
DA:271,151
DA:272,93
DA:273,4
DA:274,4
DA:277,62
DA:278,147
DA:279,95
DA:280,6
DA:281,6
DA:286,62
DA:287,52
DA:288,9
DA:289,43
DA:290,2
DA:292,62
DA:296,2
DA:301,20
DA:302,18
DA:303,18
DA:304,18
DA:305,0
DA:310,20
DA:311,18
DA:312,18
DA:313,18
DA:314,18
DA:315,0
DA:320,2
DA:321,2
DA:322,2
DA:330,2
DA:334,32
DA:336,32
DA:337,18
DA:338,18
DA:339,32
DA:340,14
DA:341,14
DA:344,32
DA:345,14
DA:347,32
DA:351,2
DA:357,2
DA:358,0
DA:360,2
DA:364,2
DA:365,0
DA:366,0
DA:367,0
DA:368,0
DA:374,2
DA:375,2
DA:376,0
DA:378,2
DA:379,2
DA:380,0
DA:382,2
DA:383,2
DA:384,0
DA:386,2
DA:387,0
DA:388,0
DA:389,0
DA:390,0
DA:391,0
DA:392,0
DA:395,2
DA:399,3
DA:401,3
DA:402,3
DA:404,3
DA:406,3
DA:409,3
DA:410,3
DA:411,3
DA:415,3
DA:416,3
DA:417,1
DA:418,3
DA:419,3
DA:420,1
DA:422,2
DA:423,2
DA:425,2
DA:426,2
DA:427,0
DA:429,4
DA:430,2
DA:431,2
DA:432,2
DA:433,0
DA:435,2
DA:438,2
DA:439,2
DA:440,2
DA:441,0
DA:443,2
DA:445,1
DA:446,1
DA:447,1
DA:451,3
DA:453,3
DA:456,3
DA:457,3
DA:458,3
DA:459,3
DA:461,3
DA:462,3
DA:463,3
DA:464,3
DA:465,2
DA:467,3
DA:469,3
DA:470,3
DA:471,0
DA:472,0
DA:474,3
DA:475,3
DA:477,3
DA:479,3
DA:480,3
DA:482,3
DA:486,1000485
DA:489,1004354
DA:490,3869
DA:491,3869
DA:492,3869
DA:493,1446
DA:495,3869
DA:497,1000485
DA:500,1000482
DA:504,1000482
DA:507,4003852
DA:508,3003370
DA:512,3003370
DA:514,1000963
DA:515,1000963
DA:516,2001926
DA:517,1000963
DA:518,1000963
DA:520,1002406
DA:521,1443
DA:522,1443
DA:524,1000963
DA:526,1000963
DA:528,2002407
DA:529,2002407
DA:530,2002407
DA:533,1000482
DA:536,3
DA:541,3
DA:542,1
DA:544,2
DA:545,2
DA:546,2
DA:547,2
DA:549,1000484
DA:550,1000482
DA:551,1000482
DA:553,1000482
DA:554,2
DA:558,1000480
DA:560,1000480
DA:561,999990
DA:563,490
DA:564,490
DA:565,490
DA:569,2
DA:573,3
DA:575,3
DA:576,1
DA:577,2
DA:581,492
DA:583,492
DA:587,492
DA:589,492
DA:593,4
DA:595,4
DA:596,5
DA:597,3
DA:601,7
DA:605,7
DA:606,1
DA:608,6
DA:609,1
DA:610,1
DA:613,5
DA:614,5
DA:615,1
DA:617,4
DA:618,4
DA:622,3
DA:624,3
DA:625,3
DA:626,3
DA:627,3
DA:628,5
DA:629,2
DA:630,2
DA:632,3
DA:633,3
DA:634,3
DA:635,3
DA:640,3017360
DA:642,3017360
DA:644,3017360
DA:646,3017360
DA:648,2
DA:649,2
DA:651,3002904
DA:652,3002904
DA:654,10116
DA:655,10116
DA:657,0
DA:659,0
DA:661,0
DA:662,0
DA:663,0
DA:665,0
DA:666,0
DA:668,4338
DA:669,4338
DA:670,4338
DA:672,2
DA:673,2
DA:675,2
DA:676,2
DA:678,3852
DA:679,3852
DA:681,482
DA:682,482
DA:684,0
DA:685,0
DA:687,4338
DA:691,0
DA:694,3017360
DA:698,3
DA:700,3
DA:701,1
DA:702,2
DA:706,2
DA:708,2
DA:709,1
DA:710,1
DA:714,3
DA:716,3
DA:718,3
DA:719,1
DA:720,2
DA:721,1
DA:723,1
DA:726,1
DA:727,4
DA:728,3
DA:729,3
DA:731,1
DA:735,6
DA:740,6
DA:741,1
DA:743,5
DA:744,1
DA:746,4
DA:747,4
DA:748,1
DA:749,3
DA:752,48
DA:753,44
DA:755,4
LF:396
LH:348
end_of_record
TN:
SF:/home/bpowers/src/libsd/util.c
FN:19,slice_make
FN:36,slice_append
FN:66,slice_extend
FN:79,strrepl
FN:104,strtrim
FN:124,utf8_tolower
FN:160,round_up
FN:166,lookup
FNDA:1690,slice_make
FNDA:3025,slice_append
FNDA:35,slice_extend
FNDA:57,strrepl
FNDA:2972,strtrim
FNDA:117,utf8_tolower
FNDA:27,round_up
FNDA:1455,lookup
FNF:8
FNH:8
DA:19,1690
DA:21,1690
DA:22,1
DA:24,1689
DA:25,5
DA:26,5
DA:27,0
DA:29,1684
DA:31,1689
DA:32,1689
DA:33,1689
DA:36,3025
DA:40,3025
DA:41,1
DA:43,3024
DA:44,869
DA:45,869
DA:46,869
DA:47,0
DA:48,869
DA:50,2155
DA:51,652
DA:52,652
DA:53,652
DA:54,0
DA:55,0
DA:56,0
DA:58,2862
DA:59,2210
DA:60,652
DA:62,3024
DA:63,3024
DA:66,35
DA:68,35
DA:69,1
DA:72,64
DA:73,30
DA:75,34
DA:79,57
DA:82,57
DA:83,57
DA:84,57
DA:85,57
DA:89,57
DA:90,1
DA:92,138
DA:93,26
DA:94,26
DA:96,26
DA:97,26
DA:98,26
DA:100,56
DA:104,2972
DA:108,23391
DA:109,21019
DA:112,3006
DA:113,628
DA:114,0
DA:115,628
DA:116,594
DA:117,34
DA:118,34
DA:120,2972
DA:124,117
DA:128,117
DA:129,117
DA:131,117
DA:133,117
DA:134,117
DA:136,1496
DA:137,1379
DA:138,1379
DA:139,1379
DA:141,117
DA:142,117
DA:143,0
DA:146,117
DA:147,117
DA:148,1496
DA:149,1379
DA:150,1379
DA:151,1379
DA:154,117
DA:156,117
DA:160,27
DA:162,27
DA:166,1455
DA:168,1455
DA:169,1455
DA:170,1
DA:172,1454
DA:173,1454
DA:177,1454
DA:178,2
DA:179,1452
DA:180,2
DA:183,1450
DA:184,1450
DA:186,8219
DA:187,5319
DA:188,5319
DA:189,1928
DA:191,3391
DA:195,1450
DA:196,1450
DA:197,1448
DA:200,2
DA:201,2
LF:108
LH:101
end_of_record
TN:
SF:/home/bpowers/src/libsd/project.c
FN:38,sd_project_open
FN:93,sd_project_ref
FN:99,sd_project_unref
FN:113,sd_project_get_model
FN:138,project_add_file
FN:144,file_free
FN:164,sd_error_str
FN:173,sd_model_ref
FN:181,sd_model_unref
FN:196,var_free
FNDA:7,sd_project_open
FNDA:8,sd_project_ref
FNDA:10,sd_project_unref
FNDA:8,sd_project_get_model
FNDA:4,project_add_file
FNDA:4,file_free
FNDA:2,sd_error_str
FNDA:14,sd_model_ref
FNDA:65,sd_model_unref
FNDA:57,var_free
FNF:10
FNH:10
DA:38,7
DA:40,7
DA:42,7
DA:45,7
DA:46,7
DA:48,7
DA:49,7
DA:50,2
DA:51,2
DA:52,2
DA:55,5
DA:56,5
DA:57,0
DA:58,0
DA:59,0
DA:61,5
DA:63,5
DA:65,5
DA:66,5
DA:67,0
DA:68,0
DA:69,0
DA:72,5
DA:73,5
DA:74,1
DA:75,1
DA:76,1
DA:79,4
DA:80,4
DA:81,4
DA:82,4
DA:85,3
DA:86,3
DA:87,1
DA:88,3
DA:89,3
DA:93,8
DA:95,8
DA:96,8
DA:99,10
DA:101,10
DA:102,12
DA:103,8
DA:104,5
DA:105,9
DA:106,4
DA:107,5
DA:108,5
DA:113,8
DA:115,8
DA:116,8
DA:117,1
DA:119,9
DA:120,7
DA:121,12
DA:122,10
DA:124,10
DA:127,6
DA:128,1
DA:129,5
DA:133,8
DA:134,8
DA:138,4
DA:140,4
DA:144,4
DA:146,4
DA:147,4
DA:148,4
DA:149,4
DA:150,4
DA:151,4
DA:152,4
DA:153,4
DA:154,4
DA:155,4
DA:156,4
DA:157,10
DA:158,6
DA:159,4
DA:160,4
DA:161,4
DA:164,2
DA:166,2
DA:167,1
DA:168,1
DA:173,14
DA:175,14
DA:176,17
DA:177,11
DA:181,65
DA:183,65
DA:184,119
DA:185,11
DA:186,6
DA:187,59
DA:188,53
DA:189,6
DA:190,6
DA:191,6
DA:196,57
DA:198,57
DA:199,58
DA:201,63
DA:202,7
DA:203,56
DA:204,65
DA:205,9
DA:206,56
DA:207,56
DA:208,56
DA:209,56
DA:210,56
DA:211,56
LF:113
LH:107
end_of_record
TN:
SF:/home/bpowers/src/libsd/xml.c
FN:114,project_parse_file
FN:174,builder_stack_start_element
FN:204,builder_stack_end_element
FN:227,builder_stack_characters
FN:238,builder_ref
FN:244,builder_unref
FN:250,builder_characters
FN:257,builder_start_child
FN:263,builder_end_child
FN:269,builder_end_element
FN:275,node_builder_new
FN:297,node_builder_ref
FN:304,node_builder_unref
FN:328,node_builder_characters
FN:353,node_builder_start_child
FN:364,node_builder_end_child
FN:372,node_builder_end_element
FN:377,node_builder_get_first_child
FN:388,node_builder_get_attr
FN:400,xmile_builder_new
FN:411,xmile_builder_ref
FN:418,xmile_builder_unref
FN:427,xmile_builder_start_child
FN:433,xmile_builder_end_child
FN:506,xmile_builder_end_element
FN:511,model_from_node_builder
FN:540,var_from_node_builder
FN:590,table_from_node_builder
FNDA:5,project_parse_file
FNDA:847,builder_stack_start_element
FNDA:845,builder_stack_end_element
FNDA:2972,builder_stack_characters
FNDA:1666,builder_ref
FNDA:1666,builder_unref
FNDA:600,builder_characters
FNDA:842,builder_start_child
FNDA:841,builder_end_child
FNDA:845,builder_end_element
FNDA:842,node_builder_new
FNDA:1661,node_builder_ref
FNDA:1661,node_builder_unref
FNDA:600,node_builder_characters
FNDA:819,node_builder_start_child
FNDA:819,node_builder_end_child
FNDA:841,node_builder_end_element
FNDA:117,node_builder_get_first_child
FNDA:91,node_builder_get_attr
FNDA:5,xmile_builder_new
FNDA:5,xmile_builder_ref
FNDA:5,xmile_builder_unref
FNDA:23,xmile_builder_start_child
FNDA:22,xmile_builder_end_child
FNDA:4,xmile_builder_end_element
FNDA:6,model_from_node_builder
FNDA:53,var_from_node_builder
FNDA:10,table_from_node_builder
FNF:28
FNH:28
DA:114,5
DA:116,5
DA:117,5
DA:119,5
DA:120,5
DA:121,5
DA:123,5
DA:124,0
DA:125,0
DA:128,5
DA:130,5
DA:131,5
DA:132,5
DA:133,5
DA:136,5
DA:137,5
DA:138,5
DA:140,5
DA:142,5
DA:143,103
DA:144,103
DA:145,103
DA:146,1
DA:151,1
DA:155,4
DA:157,4
DA:158,4
DA:159,4
DA:160,4
DA:162,1
DA:163,1
DA:164,3
DA:165,2
DA:166,2
DA:168,1
DA:169,1
DA:170,1
DA:174,847
DA:176,847
DA:178,847
DA:180,5
DA:181,5
DA:183,0
DA:185,5
DA:187,5
DA:188,5
DA:190,842
DA:191,842
DA:192,23
DA:193,23
DA:195,0
DA:197,23
DA:199,842
DA:204,845
DA:206,845
DA:207,845
DA:210,845
DA:211,845
DA:213,845
DA:214,845
DA:216,845
DA:218,845
DA:221,841
DA:223,845
DA:227,2972
DA:229,2972
DA:230,2972
DA:232,2972
DA:233,2972
DA:234,600
DA:235,2972
DA:238,1666
DA:240,1666
DA:241,1666
DA:244,1666
DA:246,1666
DA:247,1666
DA:250,600
DA:252,600
DA:253,600
DA:254,600
DA:257,842
DA:259,842
DA:263,841
DA:265,841
DA:266,841
DA:269,845
DA:271,845
DA:272,845
DA:275,842
DA:277,842
DA:278,842
DA:279,0
DA:280,842
DA:281,842
DA:282,842
DA:283,842
DA:284,842
DA:285,2818
DA:287,1976
DA:288,1976
DA:289,1976
DA:290,1976
DA:293,842
DA:297,1661
DA:299,1661
DA:300,1661
DA:301,1661
DA:304,1661
DA:306,1661
DA:307,1661
DA:308,2480
DA:310,842
DA:311,842
DA:312,2818
DA:313,1976
DA:314,1976
DA:315,1976
DA:316,1976
DA:318,842
DA:319,1661
DA:320,819
DA:321,819
DA:323,842
DA:324,842
DA:328,600
DA:330,600
DA:331,600
DA:332,386
DA:333,386
DA:334,386
DA:335,386
DA:336,386
DA:338,214
DA:340,214
DA:341,214
DA:343,600
DA:345,214
DA:346,214
DA:347,214
DA:348,214
DA:353,819
DA:355,819
DA:356,819
DA:358,0
DA:360,819
DA:364,819
DA:366,819
DA:367,819
DA:368,819
DA:369,819
DA:372,841
DA:374,841
DA:377,117
DA:379,237
DA:380,226
DA:381,226
DA:382,106
DA:384,11
DA:388,91
DA:390,107
DA:391,99
DA:392,99
DA:393,83
DA:396,8
DA:400,5
DA:402,5
DA:403,5
DA:404,0
DA:405,5
DA:406,5
DA:407,5
DA:411,5
DA:413,5
DA:414,5
DA:415,5
DA:418,5
DA:420,5
DA:421,5
DA:422,5
DA:423,5
DA:427,23
DA:429,23
DA:433,22
DA:437,22
DA:439,22
DA:440,4
DA:441,4
DA:442,4
DA:443,4
DA:444,4
DA:445,4
DA:446,4
DA:447,4
DA:448,4
DA:449,2
DA:452,4
DA:453,4
DA:454,3
DA:455,4
DA:456,4
DA:457,4
DA:458,4
DA:459,4
DA:460,4
DA:461,4
DA:462,4
DA:463,4
DA:464,4
DA:465,4
DA:466,4
DA:467,4
DA:468,4
DA:469,4
DA:470,4
DA:472,18
DA:473,4
DA:474,4
DA:475,4
DA:476,4
DA:477,2
DA:478,4
DA:479,4
DA:480,4
DA:482,4
DA:483,4
DA:484,4
DA:485,4
DA:486,4
DA:487,4
DA:488,4
DA:489,4
DA:490,4
DA:491,4
DA:492,4
DA:493,1
DA:495,3
DA:496,14
DA:497,6
DA:498,6
DA:499,6
DA:500,6
DA:503,22
DA:506,4
DA:508,4
DA:511,6
DA:514,6
DA:515,6
DA:516,0
DA:517,6
DA:519,6
DA:520,6
DA:521,2
DA:523,6
DA:524,6
DA:525,59
DA:526,53
DA:527,53
DA:528,53
DA:529,53
DA:530,53
DA:531,2
DA:536,6
DA:540,53
DA:545,53
DA:547,53
DA:548,27
DA:549,26
DA:550,8
DA:551,18
DA:552,16
DA:553,2
DA:554,2
DA:556,0
DA:558,53
DA:559,53
DA:560,0
DA:562,53
DA:564,53
DA:565,53
DA:566,53
DA:567,53
DA:568,53
DA:570,53
DA:571,53
DA:572,51
DA:574,180
DA:575,127
DA:576,127
DA:577,7
DA:578,127
DA:579,9
DA:580,127
DA:581,18
DA:582,127
DA:583,10
DA:586,53
DA:590,10
DA:592,10
DA:593,10
DA:594,10
DA:596,10
DA:597,10
DA:600,8
DA:602,8
DA:603,8
DA:604,957
DA:605,949
DA:606,80
DA:611,8
DA:612,8
DA:613,0
DA:614,8
DA:615,8
DA:616,8
DA:617,8
DA:619,8
DA:620,96
DA:621,88
DA:622,88
DA:623,0
DA:624,88
DA:627,8
DA:628,4
DA:629,48
DA:630,44
DA:631,44
DA:632,0
DA:633,44
DA:636,4
DA:639,4
DA:640,4
DA:641,0
DA:643,4
DA:644,4
DA:645,4
DA:646,4
DA:647,4
DA:648,4
DA:650,48
DA:651,44
DA:654,8
DA:656,2
DA:657,2
LF:344
LH:330
end_of_record
TN:
SF:/home/bpowers/src/libsd/parse.c
FN:55,avar_eqn_parse
FN:93,lexer_init
FN:112,lexer_free
FN:124,token_init
FN:130,token_free
FN:142,lexer_peek
FN:166,lexer_nexttok
FN:247,nextrune
FN:262,skip_whitespace
FN:285,numstart
FN:291,identstart
FN:297,lex_number
FN:348,lex_ident
FN:393,expr
FN:457,fact
FN:542,call
FN:583,ident
FN:612,num
FN:639,consume_reserved
FN:660,consume_tok
FN:681,consume_any
FN:696,parser_errorf
FN:714,node
FN:724,node_free
FN:745,visit
FN:815,node_walk
FNDA:39,avar_eqn_parse
FNDA:65,lexer_init
FNDA:62,lexer_free
FNDA:732,token_init
FNDA:984,token_free
FNDA:710,lexer_peek
FNDA:474,lexer_nexttok
FNDA:669,nextrune
FNDA:375,skip_whitespace
FNDA:265,numstart
FNDA:108,identstart
FNDA:49,lex_number
FNDA:58,lex_ident
FNDA:191,expr
FNDA:69,fact
FNDA:4,call
FNDA:34,ident
FNDA:64,num
FNDA:46,consume_reserved
FNDA:371,consume_tok
FNDA:159,consume_any
FNDA:4,parser_errorf
FNDA:73,node
FNDA:924,node_free
FNDA:60,visit
FNDA:27,node_walk
FNF:26
FNH:26
DA:55,39
DA:58,39
DA:59,39
DA:62,39
DA:63,3
DA:65,36
DA:67,36
DA:69,36
DA:70,36
DA:74,9
DA:75,9
DA:76,9
DA:79,27
DA:83,40
DA:84,4
DA:85,36
DA:86,36
DA:87,36
DA:93,65
DA:95,65
DA:96,3
DA:98,62
DA:99,62
DA:100,62
DA:101,62
DA:102,62
DA:103,0
DA:104,62
DA:105,62
DA:106,60
DA:108,62
DA:112,62
DA:114,62
DA:115,62
DA:117,62
DA:118,2
DA:119,62
DA:120,62
DA:124,732
DA:126,732
DA:127,732
DA:130,984
DA:132,984
DA:133,984
DA:135,984
DA:136,380
DA:137,380
DA:142,710
DA:144,710
DA:146,710
DA:147,1
DA:149,709
DA:150,292
DA:151,292
DA:154,709
DA:155,517
DA:157,517
DA:158,461
DA:160,56
DA:162,709
DA:166,474
DA:171,474
DA:172,1
DA:174,473
DA:175,98
DA:176,0
DA:177,98
DA:179,98
DA:181,98
DA:182,90
DA:183,98
DA:189,98
DA:190,98
DA:193,375
DA:194,375
DA:195,217
DA:197,158
DA:198,1
DA:199,157
DA:201,157
DA:202,49
DA:203,108
DA:204,58
DA:206,50
DA:210,50
DA:211,50
DA:212,2
DA:213,2
DA:215,1
DA:216,1
DA:218,48
DA:219,3
DA:220,3
DA:222,2
DA:223,2
DA:225,45
DA:226,2
DA:227,2
DA:229,1
DA:230,1
DA:233,43
DA:236,50
DA:237,50
DA:238,50
DA:239,50
DA:240,50
DA:241,50
DA:242,50
DA:243,50
DA:247,669
DA:249,669
DA:250,669
DA:251,669
DA:252,669
DA:253,60
DA:255,0
DA:258,669
DA:262,375
DA:264,375
DA:266,513
DA:267,5
DA:268,5
DA:270,513
DA:271,86
DA:272,4
DA:273,86
DA:275,427
DA:276,5
DA:277,5
DA:279,422
DA:280,368
DA:281,145
DA:282,375
DA:285,265
DA:287,265
DA:291,108
DA:293,108
DA:297,49
DA:300,49
DA:301,49
DA:302,49
DA:303,49
DA:306,177
DA:307,106
DA:308,58
DA:309,48
DA:310,14
DA:311,9
DA:312,9
DA:313,5
DA:314,3
DA:315,3
DA:317,2
DA:319,34
DA:320,10
DA:321,9
DA:322,9
DA:324,1
DA:327,24
DA:330,49
DA:331,49
DA:332,47
DA:334,2
DA:335,2
DA:336,0
DA:338,49
DA:339,49
DA:341,49
DA:342,49
DA:343,49
DA:344,49
DA:348,58
DA:351,58
DA:353,400
DA:354,318
DA:355,245
DA:356,73
DA:357,35
DA:358,38
DA:359,4
DA:360,34
DA:363,58
DA:364,58
DA:365,47
DA:367,11
DA:368,11
DA:369,0
DA:371,58
DA:372,58
DA:374,58
DA:375,58
DA:377,58
DA:378,198
DA:379,155
DA:380,15
DA:381,15
DA:384,58
DA:385,15
DA:387,43
DA:389,58
DA:393,191
DA:397,191
DA:398,191
DA:399,191
DA:400,191
DA:404,191
DA:406,191
DA:407,191
DA:408,5
DA:410,186
DA:411,62
DA:413,124
DA:415,186
DA:416,39
DA:418,147
DA:420,159
DA:422,159
DA:423,144
DA:424,144
DA:427,15
DA:428,7
DA:430,8
DA:431,15
DA:432,3
DA:434,12
DA:436,12
DA:437,0
DA:438,0
DA:440,12
DA:441,12
DA:442,12
DA:443,12
DA:444,12
DA:445,12
DA:446,12
DA:447,144
DA:448,144
DA:450,186
DA:451,186
DA:452,186
DA:453,186
DA:457,69
DA:460,69
DA:462,69
DA:464,69
DA:465,5
DA:466,5
DA:467,2
DA:468,3
DA:469,1
DA:470,1
DA:471,1
DA:473,2
DA:475,2
DA:476,0
DA:477,0
DA:479,2
DA:480,2
DA:481,2
DA:482,2
DA:483,2
DA:484,2
DA:487,64
DA:488,24
DA:489,40
DA:490,6
DA:491,6
DA:492,2
DA:493,4
DA:494,1
DA:495,1
DA:496,1
DA:498,3
DA:499,3
DA:500,1
DA:501,1
DA:503,2
DA:504,2
DA:505,2
DA:506,1
DA:507,1
DA:511,1
DA:512,1
DA:513,0
DA:514,0
DA:516,1
DA:517,1
DA:518,1
DA:519,1
DA:520,1
DA:521,1
DA:523,34
DA:524,30
DA:525,4
DA:526,4
DA:528,26
DA:529,26
DA:531,30
DA:534,69
DA:535,69
DA:536,69
DA:537,69
DA:538,69
DA:542,4
DA:544,4
DA:545,4
DA:548,4
DA:549,0
DA:550,4
DA:551,4
DA:554,4
DA:555,1
DA:558,7
DA:559,7
DA:560,1
DA:561,1
DA:563,6
DA:564,6
DA:565,6
DA:566,4
DA:567,2
DA:568,1
DA:569,1
DA:570,1
DA:571,4
DA:573,2
DA:574,2
DA:576,2
DA:577,2
DA:578,2
DA:579,2
DA:583,34
DA:588,34
DA:590,34
DA:592,34
DA:594,34
DA:597,30
DA:599,30
DA:601,30
DA:602,0
DA:603,30
DA:604,30
DA:605,30
DA:607,34
DA:608,34
DA:612,64
DA:617,64
DA:619,64
DA:620,64
DA:621,64
DA:624,24
DA:625,24
DA:627,24
DA:628,0
DA:630,24
DA:631,24
DA:632,24
DA:634,64
DA:635,64
DA:639,46
DA:643,46
DA:645,46
DA:647,46
DA:648,46
DA:649,3
DA:651,43
DA:652,43
DA:653,11
DA:655,46
DA:656,46
DA:660,371
DA:664,371
DA:666,371
DA:668,371
DA:669,371
DA:670,179
DA:672,192
DA:673,192
DA:674,32
DA:676,371
DA:677,371
DA:681,159
DA:684,159
DA:685,401
DA:686,257
DA:687,257
DA:688,15
DA:689,15
DA:692,144
DA:696,4
DA:698,4
DA:700,4
DA:701,4
DA:706,4
DA:707,4
DA:708,4
DA:710,4
DA:714,73
DA:716,73
DA:717,73
DA:718,0
DA:719,73
DA:720,73
DA:724,924
DA:726,924
DA:727,1775
DA:729,73
DA:730,73
DA:731,73
DA:732,73
DA:734,79
DA:735,6
DA:736,73
DA:739,73
DA:741,73
DA:745,60
DA:747,60
DA:748,60
DA:750,60
DA:752,60
DA:754,2
DA:755,2
DA:756,2
DA:757,2
DA:758,2
DA:761,43
DA:763,2
DA:764,2
DA:765,2
DA:766,2
DA:767,2
DA:768,0
DA:769,5
DA:770,3
DA:771,3
DA:772,3
DA:773,3
DA:774,3
DA:775,3
DA:776,0
DA:778,2
DA:780,1
DA:781,1
DA:782,1
DA:783,1
DA:784,1
DA:785,0
DA:788,13
DA:789,13
DA:790,13
DA:791,13
DA:792,13
DA:793,0
DA:794,13
DA:795,13
DA:796,13
DA:797,13
DA:798,13
DA:799,0
DA:800,13
DA:804,0
DA:805,0
DA:808,60
DA:809,0
DA:811,60
DA:815,27
DA:819,27
DA:820,1
DA:823,26
DA:825,26
DA:827,26
DA:829,26
LF:472
LH:449
end_of_record
