TN:
SF:/home/bpowers/src/libsd/xml.c
FN:116,project_parse_file
FN:176,builder_stack_start_element
FN:206,builder_stack_end_element
FN:229,builder_stack_characters
FN:240,builder_ref
FN:246,builder_unref
FN:252,builder_characters
FN:259,builder_start_child
FN:265,builder_end_child
FN:271,builder_end_element
FN:277,node_builder_new
FN:299,node_builder_ref
FN:306,node_builder_unref
FN:330,node_builder_characters
FN:354,node_builder_start_child
FN:365,node_builder_end_child
FN:373,node_builder_end_element
FN:378,node_builder_get_first_child
FN:389,node_builder_get_attr
FN:401,xmile_builder_new
FN:412,xmile_builder_ref
FN:419,xmile_builder_unref
FN:428,xmile_builder_start_child
FN:434,xmile_builder_end_child
FN:507,xmile_builder_end_element
FN:512,model_from_node_builder
FN:538,var_from_node_builder
FN:591,table_from_node_builder
FN:665,ref_from_node_builder
FNDA:18,project_parse_file
FNDA:1484,builder_stack_start_element
FNDA:1482,builder_stack_end_element
FNDA:4952,builder_stack_characters
FNDA:2850,builder_ref
FNDA:2850,builder_unref
FNDA:881,builder_characters
FNDA:1466,builder_start_child
FNDA:1465,builder_end_child
FNDA:1482,builder_end_element
FNDA:1466,node_builder_new
FNDA:2832,node_builder_ref
FNDA:2832,node_builder_unref
FNDA:881,node_builder_characters
FNDA:1366,node_builder_start_child
FNDA:1366,node_builder_end_child
FNDA:1465,node_builder_end_element
FNDA:318,node_builder_get_first_child
FNDA:262,node_builder_get_attr
FNDA:18,xmile_builder_new
FNDA:18,xmile_builder_ref
FNDA:18,xmile_builder_unref
FNDA:100,xmile_builder_start_child
FNDA:99,xmile_builder_end_child
FNDA:17,xmile_builder_end_element
FNDA:21,model_from_node_builder
FNDA:115,var_from_node_builder
FNDA:13,table_from_node_builder
FNDA:8,ref_from_node_builder
FNF:29
FNH:29
DA:116,18
DA:118,18
DA:119,18
DA:121,18
DA:122,18
DA:123,18
DA:125,18
DA:126,0
DA:127,0
DA:130,18
DA:132,18
DA:133,18
DA:134,18
DA:135,18
DA:138,18
DA:139,18
DA:140,18
DA:142,18
DA:144,18
DA:145,117
DA:146,117
DA:147,117
DA:148,1
DA:153,1
DA:157,17
DA:159,17
DA:160,17
DA:161,17
DA:162,17
DA:164,1
DA:165,1
DA:166,3
DA:167,2
DA:168,2
DA:170,1
DA:171,1
DA:172,1
DA:176,1484
DA:178,1484
DA:180,1484
DA:182,18
DA:183,18
DA:185,0
DA:187,18
DA:189,18
DA:190,18
DA:192,1466
DA:193,1466
DA:194,100
DA:195,100
DA:197,0
DA:199,100
DA:201,1466
DA:206,1482
DA:208,1482
DA:209,1482
DA:212,1482
DA:213,0
DA:215,1482
DA:216,1482
DA:218,1482
DA:220,1482
DA:223,1465
DA:225,1482
DA:229,4952
DA:231,4952
DA:232,4952
DA:234,4952
DA:235,4952
DA:236,881
DA:237,4952
DA:240,2850
DA:242,2850
DA:243,2850
DA:246,2850
DA:248,2850
DA:249,2850
DA:252,881
DA:254,881
DA:255,881
DA:256,881
DA:259,1466
DA:261,1466
DA:265,1465
DA:267,1465
DA:268,1465
DA:271,1482
DA:273,1482
DA:274,1482
DA:277,1466
DA:279,1466
DA:280,1466
DA:281,0
DA:282,1466
DA:283,1466
DA:284,1466
DA:285,1466
DA:286,1466
DA:287,4150
DA:289,2684
DA:290,2684
DA:291,2684
DA:292,2684
DA:295,1466
DA:299,2832
DA:301,2832
DA:302,2832
DA:303,2832
DA:306,2832
DA:308,2832
DA:309,2832
DA:310,1366
DA:312,1466
DA:313,1466
DA:314,4150
DA:315,2684
DA:316,2684
DA:317,2684
DA:318,2684
DA:320,1466
DA:321,2832
DA:322,1366
DA:323,1366
DA:325,1466
DA:326,1466
DA:330,881
DA:332,881
DA:333,881
DA:334,654
DA:335,654
DA:336,654
DA:337,654
DA:338,654
DA:340,227
DA:342,227
DA:343,227
DA:345,0
DA:347,227
DA:348,227
DA:349,227
DA:354,1366
DA:356,1366
DA:357,1366
DA:359,0
DA:361,1366
DA:365,1366
DA:367,1366
DA:368,1366
DA:369,1366
DA:370,1366
DA:373,1465
DA:375,1465
DA:378,318
DA:380,662
DA:381,633
DA:382,633
DA:383,289
DA:385,29
DA:389,262
DA:391,324
DA:392,265
DA:393,265
DA:394,203
DA:397,59
DA:401,18
DA:403,18
DA:404,18
DA:405,0
DA:406,18
DA:407,18
DA:408,18
DA:412,18
DA:414,18
DA:415,18
DA:416,18
DA:419,18
DA:421,18
DA:422,18
DA:423,0
DA:424,18
DA:428,100
DA:430,100
DA:434,99
DA:438,99
DA:440,99
DA:441,17
DA:442,17
DA:443,17
DA:444,17
DA:445,16
DA:446,16
DA:447,16
DA:448,16
DA:449,16
DA:450,2
DA:453,17
DA:454,17
DA:455,16
DA:456,17
DA:457,17
DA:458,16
DA:459,17
DA:460,17
DA:461,17
DA:462,17
DA:463,17
DA:464,17
DA:465,17
DA:466,17
DA:467,17
DA:468,17
DA:469,17
DA:470,17
DA:471,5
DA:473,82
DA:474,17
DA:475,17
DA:476,17
DA:477,17
DA:478,2
DA:479,17
DA:480,17
DA:481,16
DA:483,17
DA:484,17
DA:485,17
DA:486,17
DA:487,17
DA:488,17
DA:489,17
DA:490,17
DA:491,17
DA:492,17
DA:493,17
DA:494,1
DA:496,16
DA:497,65
DA:498,21
DA:499,21
DA:500,21
DA:501,21
DA:504,99
DA:507,17
DA:509,17
DA:512,21
DA:515,21
DA:516,21
DA:517,0
DA:518,21
DA:520,21
DA:521,21
DA:522,4
DA:524,21
DA:525,21
DA:526,136
DA:527,115
DA:528,115
DA:529,115
DA:530,115
DA:534,21
DA:538,115
DA:543,115
DA:545,115
DA:546,68
DA:547,47
DA:548,17
DA:549,30
DA:550,26
DA:551,4
DA:552,4
DA:554,0
DA:556,115
DA:557,115
DA:558,0
DA:560,115
DA:562,115
DA:563,115
DA:564,115
DA:566,115
DA:567,115
DA:568,111
DA:570,345
DA:571,230
DA:572,230
DA:573,12
DA:574,230
DA:575,16
DA:576,230
DA:577,28
DA:578,230
DA:579,13
DA:580,230
DA:581,8
DA:582,8
DA:583,8
DA:587,115
DA:591,13
DA:593,13
DA:594,13
DA:595,13
DA:597,13
DA:598,13
DA:601,11
DA:603,11
DA:604,11
DA:605,1270
DA:606,1259
DA:607,109
DA:612,11
DA:613,11
DA:614,0
DA:616,11
DA:617,11
DA:618,11
DA:619,11
DA:621,11
DA:622,11
DA:623,131
DA:624,120
DA:625,120
DA:627,120
DA:630,11
DA:631,6
DA:632,6
DA:633,72
DA:634,66
DA:635,66
DA:637,66
DA:640,5
DA:643,5
DA:644,5
DA:645,0
DA:647,5
DA:648,5
DA:649,5
DA:650,5
DA:651,5
DA:652,5
DA:654,59
DA:655,54
DA:658,11
DA:660,2
DA:661,2
DA:665,8
DA:670,8
DA:671,8
DA:672,8
DA:674,8
DA:675,0
DA:677,8
DA:678,8
DA:679,8
DA:681,8
DA:682,0
DA:683,0
DA:684,0
DA:686,0
DA:689,8
LF:358
LH:338
end_of_record
TN:
SF:/home/bpowers/src/libsd/sim.c
FN:72,avar
FN:112,avar_qual_name
FN:150,avar_walker_new
FN:166,avar_walker_ref
FN:173,avar_walker_unref
FN:184,avar_walker_start
FN:221,avar_walker_start_child
FN:236,avar_walker_end_child
FN:241,avar_init
FN:292,avar_free
FN:316,module
FN:376,resolve
FN:409,module_compile
FN:438,sd_sim_new
FN:487,module_assign_offsets
FN:507,module_add_to_runlists
FN:555,module_sort_runlists
FN:592,sd_sim_reset
FN:626,calc
FN:650,calc_stocks
FN:688,sd_sim_run_to
FN:723,sd_sim_run_to_end
FN:731,sim_curr
FN:737,sim_next
FN:743,sd_sim_ref
FN:751,sd_sim_get_value
FN:772,sd_sim_unref
FN:785,svisit
FN:894,sd_sim_get_stepcount
FN:902,sd_sim_get_varcount
FN:910,sd_sim_get_varnames
FN:921,module_get_varnames
FN:942,module_clear_visited
FN:958,sd_sim_get_series
FN:982,rt_pulse
FN:1010,rt_min
FN:1024,rt_max
FNDA:100,avar
FNDA:85,avar_qual_name
FNDA:88,avar_walker_new
FNDA:292,avar_walker_ref
FNDA:292,avar_walker_unref
FNDA:204,avar_walker_start
FNDA:120,avar_walker_start_child
FNDA:116,avar_walker_end_child
FNDA:132,avar_init
FNDA:133,avar_free
FNDA:20,module
FNDA:189,resolve
FNDA:20,module_compile
FNDA:17,sd_sim_new
FNDA:20,module_assign_offsets
FNDA:106,module_add_to_runlists
FNDA:20,module_sort_runlists
FNDA:17,sd_sim_reset
FNDA:1004878,calc
FNDA:1004583,calc_stocks
FNDA:17,sd_sim_run_to
FNDA:17,sd_sim_run_to_end
FNDA:4497,sim_curr
FNDA:4497,sim_next
FNDA:18,sd_sim_ref
FNDA:7,sd_sim_get_value
FNDA:17,sd_sim_unref
FNDA:2058940,svisit
FNDA:17,sd_sim_get_stepcount
FNDA:15,sd_sim_get_varcount
FNDA:16,sd_sim_get_varnames
FNDA:16,module_get_varnames
FNDA:24,module_clear_visited
FNDA:77,sd_sim_get_series
FNDA:50,rt_pulse
FNDA:12,rt_min
FNDA:12,rt_max
FNF:37
FNH:37
DA:72,100
DA:78,100
DA:79,100
DA:81,100
DA:82,4
DA:83,4
DA:84,0
DA:85,4
DA:86,4
DA:87,4
DA:88,4
DA:91,96
DA:92,96
DA:93,0
DA:94,96
DA:95,96
DA:97,96
DA:98,88
DA:100,96
DA:101,0
DA:102,96
DA:104,96
DA:106,0
DA:107,0
DA:108,0
DA:112,85
DA:117,85
DA:118,0
DA:121,85
DA:122,0
DA:125,85
DA:126,73
DA:128,12
DA:129,12
DA:131,0
DA:132,12
DA:134,12
DA:136,12
DA:137,12
DA:139,0
DA:141,12
DA:142,12
DA:143,12
DA:144,12
DA:146,12
DA:150,88
DA:152,88
DA:154,88
DA:155,0
DA:157,88
DA:158,88
DA:159,88
DA:160,88
DA:162,88
DA:166,292
DA:168,292
DA:169,292
DA:170,292
DA:173,292
DA:175,292
DA:177,292
DA:178,204
DA:180,88
DA:184,204
DA:186,204
DA:189,204
DA:191,204
DA:193,75
DA:194,75
DA:195,0
DA:197,0
DA:199,75
DA:200,75
DA:201,75
DA:203,72
DA:204,72
DA:206,7
DA:207,7
DA:208,4
DA:209,4
DA:212,4
DA:213,0
DA:214,4
DA:216,53
DA:221,120
DA:223,120
DA:224,120
DA:228,120
DA:229,4
DA:231,116
DA:232,116
DA:236,116
DA:238,116
DA:241,132
DA:246,132
DA:249,132
DA:250,20
DA:251,112
DA:252,8
DA:253,8
DA:254,8
DA:255,8
DA:257,0
DA:258,104
DA:259,16
DA:262,88
DA:264,88
DA:265,88
DA:266,0
DA:268,98
DA:269,10
DA:270,10
DA:271,10
DA:272,0
DA:273,10
DA:275,101
DA:276,13
DA:277,13
DA:278,13
DA:279,0
DA:280,13
DA:283,88
DA:285,88
DA:287,0
DA:288,0
DA:292,133
DA:294,133
DA:295,1
DA:297,132
DA:298,248
DA:299,116
DA:300,116
DA:302,132
DA:303,132
DA:304,132
DA:305,132
DA:306,132
DA:307,132
DA:308,132
DA:309,132
DA:310,132
DA:311,132
DA:312,132
DA:316,20
DA:321,20
DA:322,20
DA:323,0
DA:324,20
DA:325,20
DA:326,20
DA:328,20
DA:329,16
DA:330,16
DA:331,0
DA:332,16
DA:333,16
DA:334,16
DA:336,16
DA:337,16
DA:338,0
DA:339,16
DA:340,16
DA:341,16
DA:344,20
DA:345,20
DA:346,4
DA:348,120
DA:352,100
DA:353,100
DA:355,152
DA:356,60
DA:357,60
DA:358,8
DA:359,8
DA:362,100
DA:363,92
DA:364,100
DA:365,0
DA:366,100
DA:369,20
DA:371,0
DA:372,0
DA:376,189
DA:381,189
DA:383,189
DA:384,0
DA:387,189
DA:388,4
DA:390,189
DA:391,189
DA:392,17
DA:393,17
DA:396,787
DA:397,785
DA:398,785
DA:399,17
DA:401,768
DA:402,170
DA:405,2
DA:409,20
DA:414,20
DA:415,136
DA:416,116
DA:417,116
DA:418,116
DA:419,0
DA:421,20
DA:422,0
DA:424,136
DA:425,116
DA:427,116
DA:428,8
DA:434,20
DA:438,17
DA:444,17
DA:445,17
DA:446,17
DA:447,17
DA:448,0
DA:449,17
DA:452,17
DA:453,17
DA:454,1
DA:456,16
DA:457,16
DA:458,0
DA:460,16
DA:461,16
DA:463,16
DA:464,16
DA:465,0
DA:467,16
DA:468,16
DA:469,0
DA:471,16
DA:472,16
DA:473,0
DA:475,16
DA:476,16
DA:477,16
DA:478,0
DA:480,16
DA:482,1
DA:483,1
DA:487,20
DA:490,136
DA:492,116
DA:493,116
DA:494,4
DA:495,4
DA:496,0
DA:497,112
DA:500,104
DA:504,20
DA:507,106
DA:509,106
DA:510,0
DA:513,106
DA:514,0
DA:516,106
DA:520,181
DA:521,75
DA:524,75
DA:525,28
DA:527,47
DA:528,47
DA:529,0
DA:532,106
DA:533,4
DA:534,4
DA:535,4
DA:536,102
DA:537,13
DA:538,13
DA:540,89
DA:541,81
DA:542,81
DA:543,27
DA:545,54
DA:548,106
DA:549,106
DA:551,106
DA:555,20
DA:559,20
DA:561,20
DA:563,20
DA:564,16
DA:566,4
DA:568,120
DA:569,100
DA:572,100
DA:573,41
DA:575,59
DA:576,4
DA:577,4
DA:578,0
DA:581,59
DA:582,59
DA:583,0
DA:586,20
DA:588,20
DA:592,17
DA:594,17
DA:597,17
DA:598,17
DA:599,17
DA:600,17
DA:602,17
DA:603,17
DA:604,17
DA:605,17
DA:606,2
DA:608,17
DA:610,17
DA:611,17
DA:612,0
DA:613,0
DA:615,17
DA:616,17
DA:618,17
DA:620,17
DA:622,17
DA:626,1004878
DA:630,1004878
DA:633,1016985
DA:634,12107
DA:635,12107
DA:636,374
DA:637,10
DA:639,364
DA:640,374
DA:642,11733
DA:643,11733
DA:644,1728
DA:645,11733
DA:647,1004878
DA:650,1004583
DA:654,1004583
DA:657,4029180
DA:658,3024597
DA:662,3024597
DA:664,1011325
DA:665,1011325
DA:666,2018967
DA:667,1007642
DA:668,1007642
DA:670,1019796
DA:671,8471
DA:672,8471
DA:674,1011325
DA:675,1011325
DA:677,96
DA:678,96
DA:680,2013176
DA:681,2013176
DA:682,2013176
DA:685,1004583
DA:688,17
DA:692,17
DA:693,1
DA:695,16
DA:696,16
DA:697,16
DA:699,1004503
DA:700,1004487
DA:701,1004487
DA:703,1004487
DA:704,16
DA:708,1004471
DA:710,1004471
DA:711,999990
DA:713,4481
DA:714,4481
DA:715,4481
DA:719,16
DA:723,17
DA:725,17
DA:726,1
DA:727,16
DA:731,4497
DA:733,4497
DA:737,4497
DA:739,4497
DA:743,18
DA:745,18
DA:746,1
DA:747,17
DA:751,7
DA:755,7
DA:756,1
DA:758,6
DA:759,1
DA:760,1
DA:763,5
DA:764,5
DA:765,1
DA:767,4
DA:768,4
DA:772,17
DA:774,17
DA:775,0
DA:776,17
DA:777,17
DA:778,17
DA:779,17
DA:780,17
DA:785,2058940
DA:787,2058940
DA:792,2058940
DA:794,486
DA:795,486
DA:797,2013567
DA:798,2013567
DA:800,28132
DA:801,200
DA:803,27932
DA:804,28132
DA:805,28132
DA:807,74
DA:808,74
DA:809,272
DA:810,198
DA:811,198
DA:813,74
DA:814,74
DA:816,68
DA:817,68
DA:818,43
DA:820,25
DA:821,68
DA:823,15
DA:824,15
DA:826,0
DA:827,0
DA:829,12
DA:830,12
DA:832,3
DA:833,3
DA:835,15
DA:837,16598
DA:838,16598
DA:839,16598
DA:841,5
DA:842,5
DA:844,489
DA:845,489
DA:847,8532
DA:848,8532
DA:850,7423
DA:851,7423
DA:853,12
DA:854,12
DA:856,62
DA:857,62
DA:859,3
DA:860,3
DA:862,3
DA:863,3
DA:865,21
DA:866,21
DA:868,12
DA:869,12
DA:871,12
DA:872,12
DA:874,12
DA:875,12
DA:877,12
DA:878,12
DA:880,0
DA:882,16598
DA:885,0
DA:887,0
DA:890,2058940
DA:894,17
DA:896,17
DA:897,1
DA:898,16
DA:902,15
DA:904,15
DA:905,1
DA:906,14
DA:910,16
DA:912,16
DA:913,1
DA:914,15
DA:915,1
DA:917,14
DA:921,16
DA:923,16
DA:925,95
DA:926,79
DA:927,79
DA:928,2
DA:929,2
DA:930,2
DA:931,77
DA:933,73
DA:934,73
DA:935,73
DA:938,16
DA:942,24
DA:944,172
DA:945,148
DA:946,148
DA:947,4
DA:949,144
DA:950,144
DA:953,24
DA:954,24
DA:955,24
DA:958,77
DA:963,77
DA:964,1
DA:966,76
DA:967,15
DA:969,61
DA:970,61
DA:971,1
DA:972,60
DA:975,32750
DA:976,32675
DA:978,75
DA:982,50
DA:986,50
DA:987,50
DA:988,50
DA:989,50
DA:991,0
DA:993,50
DA:994,16
DA:996,34
DA:998,68
DA:999,34
DA:1000,2
DA:1001,32
DA:1002,32
DA:1004,0
DA:1006,32
DA:1010,12
DA:1014,12
DA:1015,0
DA:1017,12
DA:1018,12
DA:1020,12
DA:1024,12
DA:1028,12
DA:1029,0
DA:1031,12
DA:1032,12
DA:1034,12
LF:550
LH:497
end_of_record
TN:
SF:/home/bpowers/src/libsd/parse.c
FN:76,avar_eqn_parse
FN:114,lexer_init
FN:133,lexer_free
FN:145,token_init
FN:151,token_free
FN:163,lexer_peek
FN:187,lexer_nexttok
FN:278,nextrune
FN:293,skip_whitespace
FN:316,numstart
FN:322,identstart
FN:328,lex_number
FN:379,lex_ident
FN:445,expr
FN:513,fact
FN:620,call
FN:661,ident
FN:690,num
FN:717,consume_reserved
FN:738,consume_tok
FN:761,consume_any
FN:780,parser_errorf
FN:798,node
FN:808,node_free
FN:829,visit
FN:909,node_walk
FNDA:116,avar_eqn_parse
FNDA:149,lexer_init
FNDA:146,lexer_free
FNDA:5937,token_init
FNDA:6683,token_free
FNDA:5908,lexer_peek
FNDA:2532,lexer_nexttok
FNDA:1858,nextrune
FNDA:2202,skip_whitespace
FNDA:716,numstart
FNDA:293,identstart
FNDA:130,lex_number
FNDA:179,lex_ident
FNDA:1588,expr
FNDA:224,fact
FNDA:8,call
FNDA:106,ident
FNDA:214,num
FNDA:142,consume_reserved
FNDA:3854,consume_tok
FNDA:1747,consume_any
FNDA:4,parser_errorf
FNDA:275,node
FNDA:5070,node_free
FNDA:257,visit
FNDA:103,node_walk
FNF:26
FNH:26
DA:76,116
DA:79,116
DA:80,116
DA:83,116
DA:84,3
DA:86,113
DA:88,113
DA:90,113
DA:91,113
DA:95,10
DA:96,10
DA:97,10
DA:100,103
DA:104,117
DA:105,4
DA:106,113
DA:107,113
DA:108,113
DA:114,149
DA:116,149
DA:117,3
DA:119,146
DA:120,146
DA:121,146
DA:122,146
DA:123,146
DA:124,0
DA:125,146
DA:126,146
DA:127,144
DA:129,146
DA:133,146
DA:135,146
DA:136,0
DA:138,146
DA:139,2
DA:140,146
DA:141,146
DA:145,5937
DA:147,5937
DA:148,5937
DA:151,6683
DA:153,6683
DA:154,0
DA:156,6683
DA:157,2761
DA:158,2761
DA:163,5908
DA:165,5908
DA:167,5908
DA:168,1
DA:170,5907
DA:171,2077
DA:172,2077
DA:175,5907
DA:176,4161
DA:178,4161
DA:179,3552
DA:181,609
DA:183,5907
DA:187,2532
DA:192,2532
DA:193,1
DA:195,2531
DA:196,329
DA:197,0
DA:198,329
DA:200,329
DA:202,329
DA:203,283
DA:204,329
DA:210,329
DA:211,329
DA:214,2202
DA:215,2202
DA:216,1778
DA:218,424
DA:219,1
DA:220,423
DA:222,423
DA:223,130
DA:224,293
DA:225,179
DA:227,114
DA:231,114
DA:232,114
DA:233,7
DA:234,7
DA:236,1
DA:237,1
DA:239,107
DA:240,8
DA:241,8
DA:243,5
DA:244,5
DA:246,99
DA:247,9
DA:248,9
DA:250,4
DA:251,4
DA:254,90
DA:257,114
DA:258,114
DA:261,114
DA:262,4
DA:263,110
DA:264,2
DA:265,108
DA:266,3
DA:269,114
DA:270,114
DA:271,114
DA:272,114
DA:273,114
DA:274,114
DA:278,1858
DA:280,1858
DA:281,1858
DA:282,1858
DA:283,1858
DA:284,144
DA:286,0
DA:289,1858
DA:293,2202
DA:295,2202
DA:297,2474
DA:298,5
DA:299,5
DA:301,2474
DA:302,86
DA:303,4
DA:304,86
DA:306,2388
DA:307,5
DA:308,5
DA:310,2383
DA:311,2195
DA:312,279
DA:313,2202
DA:316,716
DA:318,716
DA:322,293
DA:324,293
DA:328,130
DA:331,130
DA:332,130
DA:333,130
DA:334,130
DA:337,390
DA:338,186
DA:339,105
DA:340,81
DA:341,18
DA:342,13
DA:343,13
DA:344,5
DA:345,3
DA:346,3
DA:348,2
DA:350,63
DA:351,10
DA:352,9
DA:353,9
DA:355,1
DA:358,53
DA:361,130
DA:362,130
DA:363,128
DA:365,2
DA:366,2
DA:367,0
DA:369,130
DA:370,130
DA:372,130
DA:373,130
DA:374,130
DA:375,130
DA:379,179
DA:382,179
DA:383,179
DA:386,179
DA:387,5
DA:389,1364
DA:390,1136
DA:391,923
DA:392,213
DA:393,75
DA:394,138
DA:395,4
DA:396,134
DA:397,9
DA:399,5
DA:400,5
DA:402,4
DA:403,4
DA:406,125
DA:409,179
DA:410,179
DA:411,129
DA:413,50
DA:414,50
DA:415,0
DA:417,179
DA:418,179
DA:420,179
DA:421,179
DA:422,179
DA:424,616
DA:425,485
DA:426,48
DA:427,48
DA:431,877
DA:432,704
DA:433,6
DA:434,6
DA:435,6
DA:436,6
DA:437,6
DA:441,179
DA:445,1588
DA:449,1588
DA:450,1588
DA:451,1588
DA:452,1588
DA:456,1588
DA:458,1588
DA:459,1588
DA:460,8
DA:462,1580
DA:463,223
DA:465,1357
DA:467,1580
DA:468,103
DA:470,1477
DA:472,1530
DA:474,1530
DA:475,1473
DA:476,1473
DA:481,57
DA:482,1
DA:484,56
DA:485,57
DA:486,4
DA:487,4
DA:490,53
DA:492,53
DA:493,0
DA:494,0
DA:496,53
DA:497,53
DA:498,53
DA:499,53
DA:500,53
DA:501,53
DA:502,53
DA:503,1473
DA:504,1473
DA:506,1580
DA:507,1580
DA:508,1580
DA:509,1580
DA:513,224
DA:517,224
DA:519,224
DA:521,224
DA:522,7
DA:523,7
DA:524,2
DA:525,5
DA:526,1
DA:527,1
DA:528,1
DA:530,4
DA:532,4
DA:533,0
DA:534,0
DA:536,4
DA:537,4
DA:538,4
DA:539,4
DA:540,4
DA:541,4
DA:544,217
DA:545,3
DA:546,3
DA:547,0
DA:549,3
DA:550,3
DA:551,0
DA:552,0
DA:555,3
DA:556,3
DA:557,3
DA:558,3
DA:559,3
DA:560,3
DA:561,3
DA:564,214
DA:565,94
DA:566,120
DA:567,14
DA:568,14
DA:569,2
DA:570,12
DA:571,1
DA:572,1
DA:573,1
DA:575,11
DA:576,11
DA:577,1
DA:578,1
DA:580,10
DA:581,10
DA:582,10
DA:583,1
DA:584,1
DA:588,9
DA:589,9
DA:590,0
DA:591,0
DA:593,9
DA:594,9
DA:595,9
DA:596,9
DA:597,9
DA:598,9
DA:600,106
DA:601,104
DA:602,8
DA:603,8
DA:605,96
DA:606,96
DA:608,104
DA:612,224
DA:613,224
DA:614,224
DA:615,224
DA:616,224
DA:620,8
DA:622,8
DA:623,8
DA:626,8
DA:627,0
DA:628,8
DA:629,8
DA:632,8
DA:633,1
DA:636,17
DA:637,17
DA:638,1
DA:639,1
DA:641,16
DA:642,16
DA:643,16
DA:644,10
DA:645,6
DA:646,5
DA:647,1
DA:648,1
DA:649,10
DA:651,6
DA:652,6
DA:654,2
DA:655,2
DA:656,2
DA:657,2
DA:661,106
DA:666,106
DA:668,106
DA:670,106
DA:672,106
DA:675,104
DA:677,104
DA:679,104
DA:680,0
DA:681,104
DA:682,104
DA:683,104
DA:685,106
DA:686,106
DA:690,214
DA:695,214
DA:697,214
DA:698,214
DA:699,214
DA:702,94
DA:703,94
DA:705,94
DA:706,0
DA:708,94
DA:709,94
DA:710,94
DA:712,214
DA:713,214
DA:717,142
DA:721,142
DA:723,142
DA:725,142
DA:726,142
DA:727,1
DA:729,141
DA:730,141
DA:731,35
DA:733,142
DA:734,142
DA:738,3854
DA:743,3854
DA:745,3854
DA:747,3854
DA:748,3854
DA:749,1736
DA:750,2118
DA:752,2118
DA:753,2118
DA:754,95
DA:756,3854
DA:757,3854
DA:761,1747
DA:767,1747
DA:769,5178
DA:770,3491
DA:771,3491
DA:772,60
DA:773,60
DA:776,1687
DA:780,4
DA:782,4
DA:784,4
DA:785,0
DA:790,4
DA:791,4
DA:792,4
DA:794,4
DA:798,275
DA:800,275
DA:801,275
DA:802,0
DA:803,275
DA:804,275
DA:808,5070
DA:810,5070
DA:811,4795
DA:813,275
DA:814,275
DA:815,275
DA:816,275
DA:818,291
DA:819,16
DA:820,275
DA:823,275
DA:825,275
DA:829,257
DA:831,257
DA:832,257
DA:834,257
DA:836,257
DA:838,4
DA:839,4
DA:840,4
DA:841,4
DA:842,4
DA:845,182
DA:847,6
DA:848,6
DA:849,2
DA:850,2
DA:851,2
DA:853,6
DA:854,0
DA:855,19
DA:856,13
DA:857,13
DA:858,13
DA:859,13
DA:860,13
DA:861,13
DA:862,0
DA:864,6
DA:866,3
DA:867,3
DA:868,3
DA:869,3
DA:870,3
DA:871,0
DA:872,3
DA:874,9
DA:875,9
DA:876,9
DA:877,9
DA:878,9
DA:879,0
DA:882,62
DA:883,62
DA:884,62
DA:885,62
DA:886,62
DA:887,0
DA:888,62
DA:889,62
DA:890,62
DA:891,62
DA:892,62
DA:893,0
DA:894,62
DA:898,0
DA:899,0
DA:902,257
DA:903,0
DA:905,257
DA:909,103
DA:913,103
DA:914,1
DA:917,102
DA:919,102
DA:921,102
DA:923,102
LF:516
LH:486
end_of_record
TN:
SF:/home/bpowers/src/libsd/project.c
FN:39,sd_project_open
FN:94,sd_project_ref
FN:100,sd_project_unref
FN:114,sd_project_get_model
FN:139,project_add_file
FN:145,file_free
FN:165,sd_error_str
FN:174,sd_model_ref
FN:182,sd_model_unref
FN:196,var_free
FNDA:20,sd_project_open
FNDA:34,sd_project_ref
FNDA:37,sd_project_unref
FNDA:27,sd_project_get_model
FNDA:17,project_add_file
FNDA:17,file_free
FNDA:2,sd_error_str
FNDA:48,sd_model_ref
FNDA:296,sd_model_unref
FNDA:255,var_free
FNF:10
FNH:10
DA:39,20
DA:41,20
DA:43,20
DA:46,20
DA:47,20
DA:49,20
DA:50,20
DA:51,2
DA:52,2
DA:53,2
DA:56,18
DA:57,18
DA:58,0
DA:59,0
DA:60,0
DA:62,18
DA:64,18
DA:66,18
DA:67,18
DA:68,0
DA:69,0
DA:70,0
DA:73,18
DA:74,18
DA:75,1
DA:76,1
DA:77,1
DA:80,17
DA:81,17
DA:82,17
DA:83,17
DA:86,3
DA:87,3
DA:88,1
DA:89,3
DA:90,3
DA:94,34
DA:96,34
DA:97,34
DA:100,37
DA:102,37
DA:103,3
DA:104,34
DA:105,18
DA:106,35
DA:107,17
DA:108,18
DA:109,18
DA:114,27
DA:116,27
DA:117,27
DA:118,1
DA:120,28
DA:121,26
DA:122,37
DA:123,35
DA:125,35
DA:128,16
DA:129,5
DA:130,11
DA:134,27
DA:135,27
DA:139,17
DA:141,17
DA:145,17
DA:147,17
DA:148,17
DA:149,17
DA:150,17
DA:151,17
DA:152,17
DA:153,17
DA:154,17
DA:155,17
DA:156,17
DA:157,17
DA:158,38
DA:159,21
DA:160,17
DA:161,17
DA:162,17
DA:165,2
DA:167,2
DA:168,1
DA:169,1
DA:174,48
DA:176,48
DA:177,3
DA:178,45
DA:182,296
DA:184,296
DA:185,251
DA:186,45
DA:187,21
DA:188,136
DA:189,115
DA:190,21
DA:191,21
DA:196,255
DA:198,255
DA:199,116
DA:201,151
DA:202,12
DA:203,139
DA:204,155
DA:205,16
DA:206,139
DA:207,147
DA:208,8
DA:209,8
DA:211,139
DA:212,139
DA:213,139
DA:214,139
DA:215,139
DA:216,139
DA:217,139
LF:117
LH:111
end_of_record
TN:
SF:/home/bpowers/src/libsd/util.c
FN:19,slice_make
FN:36,slice_append
FN:66,slice_extend
FN:79,strrepl
FN:104,strtrim
FN:124,utf8_tolower
FN:160,round_up
FN:166,lookup
FN:208,normalize_name
FNDA:2951,slice_make
FNDA:4734,slice_append
FNDA:3,slice_extend
FNDA:1594,strrepl
FNDA:4952,strtrim
FNDA:413,utf8_tolower
FNDA:36,round_up
FNDA:1737,lookup
FNDA:265,normalize_name
FNF:9
FNH:9
DA:19,2951
DA:21,2951
DA:22,1
DA:24,2950
DA:25,18
DA:26,18
DA:27,0
DA:29,2932
DA:31,2950
DA:32,2950
DA:33,2950
DA:36,4734
DA:40,4734
DA:41,1
DA:43,4733
DA:44,1514
DA:45,1514
DA:46,1514
DA:47,0
DA:48,1514
DA:50,3219
DA:51,972
DA:52,972
DA:53,972
DA:54,0
DA:55,0
DA:56,0
DA:58,4004
DA:59,3032
DA:60,972
DA:62,4733
DA:63,4733
DA:66,3
DA:68,3
DA:69,1
DA:72,6
DA:73,4
DA:75,2
DA:79,1594
DA:82,1594
DA:83,1594
DA:84,1594
DA:85,1594
DA:89,1594
DA:90,1
DA:92,3230
DA:93,44
DA:94,44
DA:96,44
DA:97,29
DA:98,44
DA:100,1593
DA:104,4952
DA:108,36831
DA:109,32760
DA:112,5005
DA:113,928
DA:114,0
DA:115,928
DA:116,875
DA:117,53
DA:118,53
DA:120,4952
DA:124,413
DA:128,413
DA:129,413
DA:131,413
DA:133,413
DA:134,413
DA:136,5052
DA:137,4639
DA:138,4639
DA:139,4639
DA:141,413
DA:142,413
DA:143,0
DA:146,413
DA:147,413
DA:148,5052
DA:149,4639
DA:150,4639
DA:151,4639
DA:154,413
DA:156,413
DA:160,36
DA:162,36
DA:166,1737
DA:168,1737
DA:169,1737
DA:170,1
DA:172,1736
DA:173,1736
DA:177,1736
DA:178,2
DA:179,1734
DA:180,15
DA:183,1719
DA:184,1719
DA:186,9724
DA:187,6286
DA:188,6286
DA:189,2321
DA:191,3965
DA:195,1719
DA:196,1719
DA:197,1467
DA:200,252
DA:201,252
DA:208,265
DA:211,265
DA:212,265
DA:213,265
DA:215,265
DA:216,265
DA:217,0
DA:218,265
DA:220,265
DA:221,265
DA:222,265
DA:223,265
DA:224,265
DA:225,265
DA:227,265
LF:123
LH:115
end_of_record
TN:
SF:/home/bpowers/src/libsd/mdl.c
FN:25,die
FN:37,usage
FN:47,main
FNDA:4,die
FNDA:4,usage
FNDA:17,main
FNF:3
FNH:3
DA:25,4
DA:29,4
DA:30,4
DA:31,4
DA:33,4
DA:37,4
DA:39,4
DA:47,17
DA:49,17
DA:55,17
DA:56,17
DA:58,31
DA:59,17
DA:60,17
DA:61,1
DA:62,16
DA:63,1
DA:64,1
DA:66,15
DA:67,14
DA:69,1
DA:70,1
DA:75,14
DA:76,1
DA:77,1
DA:80,13
DA:81,13
DA:82,0
DA:84,13
DA:85,13
DA:86,0
DA:88,13
DA:90,13
DA:91,13
DA:92,13
DA:93,13
DA:94,13
DA:95,0
DA:97,13
DA:98,0
DA:100,82
DA:101,69
DA:102,69
DA:103,69
DA:104,69
DA:105,0
DA:106,69
DA:107,69
DA:110,3995
DA:111,36567
DA:112,32585
DA:113,32585
DA:114,32585
DA:118,82
DA:119,69
DA:120,69
DA:122,13
DA:123,13
DA:125,13
DA:126,13
DA:128,13
DA:130,13
LF:62
LH:57
end_of_record
